------------------------------------------------------------------------------------
------------------------------------------------------------------------------------
Building: L_Clavicle_Block
------------------------------------------------------------------------------------
------------------------------------------------------------------------------------
Import successfully import exec_clavicle
Precode L_Clavicle_Block
// Error: line 1: Cannot find procedure "asdasfasf". // 
# Traceback (most recent call last):
# #   File "C:/Users/PC/Documents/maya/2022/scripts\Mutant_Tools\UI\AutoRigger\load_autoRigger.py", line 729, in build_autorigger
    exec(precode)
#   File "<string>", line 1
#     asdasfasf  asasf
#                    ^
# SyntaxError: invalid syntax
# # 
# During handling of the above exception, another exception occurred:

# Traceback (most recent call last):
# #   File "C:/Users/PC/Documents/maya/2022/scripts\Mutant_Tools\UI\AutoRigger\load_autoRigger.py", line 731, in build_autorigger
    mel.eval(precode)
# # RuntimeError: Error occurred during execution of MEL script
line 1: line 1: Cannot find procedure "asdasfasf".
